Vivado Simulator 2016.4
Copyright 1986-1999, 2001-2016 Xilinx, Inc. All Rights Reserved.
Running: C:/Xilinx/Vivado/2016.4/bin/unwrapped/win64.o/xelab.exe -wto 0a816e45adb344aeb994d1cf4f807d92 --debug typical --relax --mt 2 -L xil_defaultlib -L secureip --snapshot project_tb_func_synth xil_defaultlib.project_tb -log elaborate.log 
Using 2 slave threads.
Starting static elaboration
Completed static elaboration
Starting simulation data flow analysis
Completed simulation data flow analysis
Time Resolution for simulation is 1ps
Compiling package std.standard
Compiling package std.textio
Compiling package ieee.std_logic_1164
Compiling package ieee.numeric_std
Compiling package ieee.std_logic_arith
Compiling package ieee.std_logic_unsigned
Compiling package unisim.vcomponents
Compiling package ieee.vital_timing
Compiling package ieee.vital_primitives
Compiling package unisim.vpkg
Compiling architecture ldce_v of entity unisim.LDCE [ldce_default]
Compiling architecture lut5_v of entity unisim.LUT5 [\LUT5(init="00000000000011101100...]
Compiling architecture lut4_v of entity unisim.LUT4 [\LUT4(init="0000000000000001")(0...]
Compiling architecture lut2_v of entity unisim.LUT2 [\LUT2(init="0010")(0,3)\]
Compiling architecture lut2_v of entity unisim.LUT2 [\LUT2(init="0001")(0,3)\]
Compiling architecture lut4_v of entity unisim.LUT4 [\LUT4(init="0000000011100000")(0...]
Compiling architecture lut3_v of entity unisim.LUT3 [\LUT3(init="11101111")(0,7)\]
Compiling architecture lut5_v of entity unisim.LUT5 [\LUT5(init="11111111111111111111...]
Compiling architecture lut6_v of entity unisim.LUT6 [\LUT6(init="00000000000000011100...]
Compiling architecture lut6_v of entity unisim.LUT6 [\LUT6(init="00000000000000000000...]
Compiling architecture lut4_v of entity unisim.LUT4 [\LUT4(init="1111111111111110")(0...]
Compiling architecture lut5_v of entity unisim.LUT5 [\LUT5(init="00001111111111111110...]
Compiling architecture lut5_v of entity unisim.LUT5 [\LUT5(init="10001111111111111000...]
Compiling architecture lut6_v of entity unisim.LUT6 [\LUT6(init="00000000111111110000...]
Compiling architecture fdce_v of entity unisim.FDCE [fdce_default]
Compiling architecture lut6_v of entity unisim.LUT6 [\LUT6(init="00000000000000000000...]
Compiling architecture lut6_v of entity unisim.LUT6 [\LUT6(init="00000000000000000000...]
Compiling architecture lut6_v of entity unisim.LUT6 [\LUT6(init="10001000100010001010...]
Compiling architecture lut6_v of entity unisim.LUT6 [\LUT6(init="11111101111111111111...]
Compiling architecture lut3_v of entity unisim.LUT3 [\LUT3(init="10111000")(0,7)\]
Compiling architecture lut5_v of entity unisim.LUT5 [\LUT5(init="10111111000000001111...]
Compiling architecture muxf7_v of entity unisim.MUXF7 [muxf7_default]
Compiling architecture lut6_v of entity unisim.LUT6 [\LUT6(init="00000000000000000000...]
Compiling architecture lut5_v of entity unisim.LUT5 [\LUT5(init="11111111111111110100...]
Compiling architecture lut5_v of entity unisim.LUT5 [\LUT5(init="10111000101110111011...]
Compiling architecture lut5_v of entity unisim.LUT5 [\LUT5(init="11111111111111110100...]
Compiling architecture carry4_v of entity unisim.CARRY4 [carry4_default]
Compiling architecture fdre_v of entity unisim.FDRE [fdre_default]
Compiling architecture lut6_v of entity unisim.LUT6 [\LUT6(init="00000000000000000000...]
Compiling architecture lut5_v of entity unisim.LUT5 [\LUT5(init="11111111001011110000...]
Compiling architecture lut6_v of entity unisim.LUT6 [\LUT6(init="00100000001000000000...]
Compiling architecture lut3_v of entity unisim.LUT3 [\LUT3(init="00001110")(0,7)\]
Compiling architecture structure of entity xil_defaultlib.D_flipflop [d_flipflop_default]
Compiling architecture lut6_v of entity unisim.LUT6 [\LUT6(init="10101010101010101010...]
Compiling architecture lut6_v of entity unisim.LUT6 [\LUT6(init="00000000000000000000...]
Compiling architecture lut5_v of entity unisim.LUT5 [\LUT5(init="11111111111011110000...]
Compiling architecture lut6_v of entity unisim.LUT6 [\LUT6(init="10101010101010101010...]
Compiling architecture lut4_v of entity unisim.LUT4 [\LUT4(init="0000000011101111")(0...]
Compiling architecture lut2_v of entity unisim.LUT2 [\LUT2(init="0110")(0,3)\]
Compiling architecture lut3_v of entity unisim.LUT3 [\LUT3(init="01111000")(0,7)\]
Compiling architecture lut4_v of entity unisim.LUT4 [\LUT4(init="0111111010000000")(0...]
Compiling architecture structure of entity xil_defaultlib.piso [piso_default]
Compiling architecture lut5_v of entity unisim.LUT5 [\LUT5(init="00000000000000000000...]
Compiling architecture lut5_v of entity unisim.LUT5 [\LUT5(init="11001110110011101100...]
Compiling architecture lut6_v of entity unisim.LUT6 [\LUT6(init="01000100010001000100...]
Compiling architecture structure of entity xil_defaultlib.counter [counter_default]
Compiling architecture lut6_v of entity unisim.LUT6 [\LUT6(init="00000011010000110011...]
Compiling architecture lut6_v of entity unisim.LUT6 [\LUT6(init="00001111000011111110...]
Compiling architecture lut6_v of entity unisim.LUT6 [\LUT6(init="00111100101100000010...]
Compiling architecture lut6_v of entity unisim.LUT6 [\LUT6(init="01010101101000111000...]
Compiling architecture lut4_v of entity unisim.LUT4 [\LUT4(init="0110110010000110")(0...]
Compiling architecture lut4_v of entity unisim.LUT4 [\LUT4(init="0110000101101100")(0...]
Compiling architecture structure of entity xil_defaultlib.moore_4s [moore_4s_default]
Compiling architecture lut5_v of entity unisim.LUT5 [\LUT5(init="11111011101110110000...]
Compiling architecture structure of entity xil_defaultlib.D_flipflop_0 [d_flipflop_0_default]
Compiling architecture structure of entity xil_defaultlib.D_flipflop_1 [d_flipflop_1_default]
Compiling architecture structure of entity xil_defaultlib.D_flipflop_2 [d_flipflop_2_default]
Compiling architecture structure of entity xil_defaultlib.D_flipflop_3 [d_flipflop_3_default]
Compiling architecture structure of entity xil_defaultlib.D_flipflop_4 [d_flipflop_4_default]
Compiling architecture structure of entity xil_defaultlib.D_flipflop_5 [d_flipflop_5_default]
Compiling architecture structure of entity xil_defaultlib.D_flipflop_6 [d_flipflop_6_default]
Compiling architecture structure of entity xil_defaultlib.D_flipflop_7 [d_flipflop_7_default]
Compiling architecture structure of entity xil_defaultlib.D_flipflop_8 [d_flipflop_8_default]
Compiling architecture structure of entity xil_defaultlib.D_flipflop_9 [d_flipflop_9_default]
Compiling architecture structure of entity xil_defaultlib.D_flipflop_10 [d_flipflop_10_default]
Compiling architecture structure of entity xil_defaultlib.D_flipflop_11 [d_flipflop_11_default]
Compiling architecture structure of entity xil_defaultlib.D_flipflop_12 [d_flipflop_12_default]
Compiling architecture structure of entity xil_defaultlib.D_flipflop_13 [d_flipflop_13_default]
Compiling architecture structure of entity xil_defaultlib.D_flipflop_14 [d_flipflop_14_default]
Compiling architecture structure of entity xil_defaultlib.D_flipflop_15 [d_flipflop_15_default]
Compiling architecture lut1_v of entity unisim.LUT1 [\LUT1(init="0001")(0,3)\]
Compiling architecture structure of entity xil_defaultlib.shift_register [shift_register_default]
Compiling architecture fdre_v of entity unisim.FDRE [\FDRE(init='1')\]
Compiling architecture structure of entity xil_defaultlib.ViterbiSIPO [viterbisipo_default]
Compiling architecture structure of entity xil_defaultlib.Viterbi [viterbi_default]
Compiling architecture lut6_v of entity unisim.LUT6 [\LUT6(init="11111100111111111011...]
Compiling architecture ldce_v of entity unisim.LDCE [\LDCE(init='1')\]
Compiling architecture lut3_v of entity unisim.LUT3 [\LUT3(init="01010100")(0,7)\]
Compiling architecture lut3_v of entity unisim.LUT3 [\LUT3(init="00100000")(0,7)\]
Compiling architecture lut1_v of entity unisim.LUT1 [\LUT1(init="0010")(0,3)\]
Compiling architecture fdpe_v of entity unisim.FDPE [fdpe_default]
Compiling architecture lut3_v of entity unisim.LUT3 [\LUT3(init="01110100")(0,7)\]
Compiling architecture lut4_v of entity unisim.LUT4 [\LUT4(init="1001111110010000")(0...]
Compiling architecture lut5_v of entity unisim.LUT5 [\LUT5(init="10101001111111111010...]
Compiling architecture lut6_v of entity unisim.LUT6 [\LUT6(init="10101010101010011111...]
Compiling architecture lut5_v of entity unisim.LUT5 [\LUT5(init="00000001000000000000...]
Compiling architecture lut6_v of entity unisim.LUT6 [\LUT6(init="11111111111111111111...]
Compiling architecture bufg_v of entity unisim.BUFG [bufg_default]
Compiling architecture ibuf_v of entity unisim.IBUF [\IBUF(1,9,1,1,1,4,1,7)\]
Compiling architecture lut5_v of entity unisim.LUT5 [\LUT5(init="00000000000000000000...]
Compiling architecture obuf_v of entity unisim.OBUF [\OBUF(1,9,1,7,1,4)\]
Compiling architecture lut6_v of entity unisim.LUT6 [\LUT6(init="00000000000000000000...]
Compiling architecture lut3_v of entity unisim.LUT3 [\LUT3(init="11010111")(0,7)\]
Compiling architecture lut3_v of entity unisim.LUT3 [\LUT3(init="11111011")(0,7)\]
Compiling architecture lut6_v of entity unisim.LUT6 [\LUT6(init="00000000000000000000...]
Compiling architecture lut3_v of entity unisim.LUT3 [\LUT3(init="11100110")(0,7)\]
Compiling architecture lut4_v of entity unisim.LUT4 [\LUT4(init="0000000000000010")(0...]
Compiling architecture lut3_v of entity unisim.LUT3 [\LUT3(init="00000111")(0,7)\]
Compiling architecture lut5_v of entity unisim.LUT5 [\LUT5(init="00000000000000000001...]
Compiling architecture lut5_v of entity unisim.LUT5 [\LUT5(init="00010000000001000010...]
Compiling architecture lut4_v of entity unisim.LUT4 [\LUT4(init="0000000000001000")(0...]
Compiling architecture structure of entity xil_defaultlib.project_reti_logiche [project_reti_logiche_default]
Compiling architecture projecttb of entity xil_defaultlib.project_tb
Built simulation snapshot project_tb_func_synth
